<?xml version="1.0" encoding="UTF-8"?>
<robot generator="Robot 7.0 (Python 3.12.2 on win32)" generated="2024-03-27T17:46:20.838802" rpa="false" schemaversion="5">
<suite id="s1" name="Delete Serverest Test" source="c:\Users\dell\Desktop\TesteDeApiRobotFramework\tests\delete_serverest_test.robot">
<test id="s1-t1" name="Cenário com DELETE: Excluir usuário já existente" line="7">
<kw name="Criar um novo usuário" owner="serverest_testes_recursos">
<kw name="Generate Random String" owner="String">
<msg time="2024-03-27T17:46:21.152801" level="INFO">${palavra_randomica} = WvzUqWGq</msg>
<var>${palavra_randomica}</var>
<arg>length=8</arg>
<arg>chars=[LETTERS]</arg>
<doc>Generates a string with a desired ``length`` from the given ``chars``.</doc>
<status status="PASS" start="2024-03-27T17:46:21.147840" elapsed="0.016965"/>
</kw>
<kw name="Convert To Lower Case" owner="String">
<msg time="2024-03-27T17:46:21.166803" level="INFO">${palavra_randomica} = wvzuqwgq</msg>
<var>${palavra_randomica}</var>
<arg>${palavra_randomica}</arg>
<doc>Converts string to lower case.</doc>
<status status="PASS" start="2024-03-27T17:46:21.165803" elapsed="0.002001"/>
</kw>
<kw name="Set Test Variable" owner="BuiltIn">
<msg time="2024-03-27T17:46:21.171803" level="INFO">${EMAIL_TEST} = wvzuqwgq@qacoders.com.br</msg>
<arg>${EMAIL_TEST}</arg>
<arg>${palavra_randomica}@qacoders.com.br</arg>
<doc>Makes a variable available everywhere within the scope of the current test.</doc>
<status status="PASS" start="2024-03-27T17:46:21.168801" elapsed="0.004003"/>
</kw>
<kw name="Log" owner="BuiltIn">
<msg time="2024-03-27T17:46:21.172804" level="INFO">wvzuqwgq@qacoders.com.br</msg>
<arg>${EMAIL_TEST}</arg>
<doc>Logs the given message with the given level.</doc>
<status status="PASS" start="2024-03-27T17:46:21.172804" elapsed="0.000998"/>
</kw>
<status status="PASS" start="2024-03-27T17:46:21.141806" elapsed="0.031996"/>
</kw>
<kw name="Cadastrar um novo usuário criado" owner="serverest_testes_recursos">
<kw name="Create Dictionary" owner="BuiltIn">
<msg time="2024-03-27T17:46:21.180806" level="INFO">${body} = {'nome': 'Fulano da Silva', 'email': 'wvzuqwgq@qacoders.com.br', 'password': 'teste', 'administrador': 'true'}</msg>
<var>${body}</var>
<arg>nome=Fulano da Silva</arg>
<arg>email=${EMAIL_TEST}</arg>
<arg>password=teste</arg>
<arg>administrador=true</arg>
<doc>Creates and returns a dictionary based on the given ``items``.</doc>
<status status="PASS" start="2024-03-27T17:46:21.178805" elapsed="0.002001"/>
</kw>
<kw name="Log" owner="BuiltIn">
<msg time="2024-03-27T17:46:21.186862" level="INFO">{'nome': 'Fulano da Silva', 'email': 'wvzuqwgq@qacoders.com.br', 'password': 'teste', 'administrador': 'true'}</msg>
<arg>${body}</arg>
<doc>Logs the given message with the given level.</doc>
<status status="PASS" start="2024-03-27T17:46:21.184809" elapsed="0.003054"/>
</kw>
<kw name="Criar sessão" owner="serverest_testes_recursos">
<kw name="Create Dictionary" owner="BuiltIn">
<msg time="2024-03-27T17:46:21.189803" level="INFO">${headers} = {'accept': 'application/json', 'Content-Type': 'application/json'}</msg>
<var>${headers}</var>
<arg>accept=application/json</arg>
<arg>Content-Type=application/json</arg>
<doc>Creates and returns a dictionary based on the given ``items``.</doc>
<status status="PASS" start="2024-03-27T17:46:21.188811" elapsed="0.000992"/>
</kw>
<kw name="Create Session" owner="RequestsLibrary">
<msg time="2024-03-27T17:46:21.190802" level="INFO">Creating Session using : alias=APIServeRest, url=https://serverest.dev, headers={'accept': 'application/json', 'Content-Type': 'application/json'},                     cookies={}, auth=None, timeout=None, proxies=None, verify=False,                     debug=0 </msg>
<arg>alias=APIServeRest</arg>
<arg>url=https://serverest.dev</arg>
<arg>headers=${headers}</arg>
<doc>Create Session: create a HTTP session to a server</doc>
<status status="PASS" start="2024-03-27T17:46:21.189803" elapsed="0.002023"/>
</kw>
<status status="PASS" start="2024-03-27T17:46:21.187863" elapsed="0.004950"/>
</kw>
<kw name="POST On Session" owner="RequestsLibrary">
<msg time="2024-03-27T17:46:21.674151" level="INFO">POST Request : url=https://serverest.dev/usuarios 
 path_url=/usuarios 
 headers={'User-Agent': 'python-requests/2.31.0', 'Accept-Encoding': 'gzip, deflate', 'accept': 'application/json', 'Connection': 'keep-alive', 'Content-Type': 'application/json', 'Content-Length': '110'} 
 body=b'{"nome": "Fulano da Silva", "email": "wvzuqwgq@qacoders.com.br", "password": "teste", "administrador": "true"}' 
 </msg>
<msg time="2024-03-27T17:46:21.674151" level="INFO">POST Response : url=https://serverest.dev/usuarios 
 status=201, reason=Created 
 headers={'access-control-allow-origin': '*', 'x-dns-prefetch-control': 'off', 'x-frame-options': 'SAMEORIGIN', 'strict-transport-security': 'max-age=15552000; includeSubDomains', 'x-download-options': 'noopen', 'x-content-type-options': 'nosniff', 'x-xss-protection': '1; mode=block', 'content-type': 'application/json; charset=utf-8', 'X-Cloud-Trace-Context': '1accd50d83e44d9906b4bb93ff76d52b;o=1', 'Date': 'Wed, 27 Mar 2024 20:46:20 GMT', 'Server': 'Google Frontend', 'Content-Length': '82'} 
 body={
    "message": "Cadastro realizado com sucesso",
    "_id": "VxGlixsL3X8eP2pv"
} 
 </msg>
<msg time="2024-03-27T17:46:21.675151" level="INFO">C:\Users\dell\AppData\Local\Programs\Python\Python312\Lib\site-packages\urllib3\connectionpool.py:1103: InsecureRequestWarning: Unverified HTTPS request is being made to host 'serverest.dev'. Adding certificate verification is strongly advised. See: https://urllib3.readthedocs.io/en/latest/advanced-usage.html#tls-warnings
  warnings.warn(</msg>
<msg time="2024-03-27T17:46:21.678155" level="INFO">${resposta} = &lt;Response [201]&gt;</msg>
<var>${resposta}</var>
<arg>alias=APIServeRest</arg>
<arg>url=/usuarios</arg>
<arg>json=${body}</arg>
<doc>Sends a POST request on a previously created HTTP Session.</doc>
<status status="PASS" start="2024-03-27T17:46:21.193844" elapsed="0.485306"/>
</kw>
<kw name="Log" owner="BuiltIn">
<msg time="2024-03-27T17:46:21.682178" level="INFO">{'message': 'Cadastro realizado com sucesso', '_id': 'VxGlixsL3X8eP2pv'}</msg>
<arg>${resposta.json()}</arg>
<doc>Logs the given message with the given level.</doc>
<status status="PASS" start="2024-03-27T17:46:21.679150" elapsed="0.003028"/>
</kw>
<kw name="Set Test Variable" owner="BuiltIn">
<msg time="2024-03-27T17:46:21.687195" level="INFO">${ID_USUARIO} = VxGlixsL3X8eP2pv</msg>
<arg>${ID_USUARIO}</arg>
<arg>${resposta.json()["_id"]}</arg>
<doc>Makes a variable available everywhere within the scope of the current test.</doc>
<status status="PASS" start="2024-03-27T17:46:21.683152" elapsed="0.006033"/>
</kw>
<kw name="Set Test Variable" owner="BuiltIn">
<msg time="2024-03-27T17:46:21.693150" level="INFO">${RESPOSTA} = {'message': 'Cadastro realizado com sucesso', '_id': 'VxGlixsL3X8eP2pv'}</msg>
<arg>${RESPOSTA}</arg>
<arg>${resposta.json()}</arg>
<doc>Makes a variable available everywhere within the scope of the current test.</doc>
<status status="PASS" start="2024-03-27T17:46:21.690155" elapsed="0.004997"/>
</kw>
<status status="PASS" start="2024-03-27T17:46:21.174804" elapsed="0.520348"/>
</kw>
<kw name=" Excluir usuário criado" owner="serverest_testes_recursos">
<kw name="DELETE On Session" owner="RequestsLibrary">
<msg time="2024-03-27T17:46:21.880150" level="INFO">DELETE Request : url=https://serverest.dev/usuarios/VxGlixsL3X8eP2pv 
 path_url=/usuarios/VxGlixsL3X8eP2pv 
 headers={'User-Agent': 'python-requests/2.31.0', 'Accept-Encoding': 'gzip, deflate', 'accept': 'application/json', 'Connection': 'keep-alive', 'Content-Type': 'application/json', 'Content-Length': '0'} 
 body=None 
 </msg>
<msg time="2024-03-27T17:46:21.881153" level="INFO">DELETE Response : url=https://serverest.dev/usuarios/VxGlixsL3X8eP2pv 
 status=200, reason=OK 
 headers={'access-control-allow-origin': '*', 'x-dns-prefetch-control': 'off', 'x-frame-options': 'SAMEORIGIN', 'strict-transport-security': 'max-age=15552000; includeSubDomains', 'x-download-options': 'noopen', 'x-content-type-options': 'nosniff', 'x-xss-protection': '1; mode=block', 'content-type': 'application/json; charset=utf-8', 'X-Cloud-Trace-Context': 'd09f07f967f9efc4eceaca568e15fc81', 'Date': 'Wed, 27 Mar 2024 20:46:20 GMT', 'Server': 'Google Frontend', 'Content-Length': '51'} 
 body={
    "message": "Registro excluído com sucesso"
} 
 </msg>
<msg time="2024-03-27T17:46:21.881153" level="INFO">C:\Users\dell\AppData\Local\Programs\Python\Python312\Lib\site-packages\urllib3\connectionpool.py:1103: InsecureRequestWarning: Unverified HTTPS request is being made to host 'serverest.dev'. Adding certificate verification is strongly advised. See: https://urllib3.readthedocs.io/en/latest/advanced-usage.html#tls-warnings
  warnings.warn(</msg>
<msg time="2024-03-27T17:46:21.884151" level="INFO">${excluir_usuario} = &lt;Response [200]&gt;</msg>
<var>${excluir_usuario}</var>
<arg>alias=APIServeRest</arg>
<arg>url=/usuarios/${ID_USUARIO}</arg>
<arg>expected_status=200</arg>
<doc>Sends a DELETE request on a previously created HTTP Session.</doc>
<status status="PASS" start="2024-03-27T17:46:21.698153" elapsed="0.185998"/>
</kw>
<kw name="Set Test Variable" owner="BuiltIn">
<msg time="2024-03-27T17:46:21.887149" level="INFO">${RESPOSTA_CONSULTA_APOS_EXCLUSAO} = {'message': 'Registro excluído com sucesso'}</msg>
<arg>${RESPOSTA_CONSULTA_APOS_EXCLUSAO}</arg>
<arg>${excluir_usuario.json()}</arg>
<doc>Makes a variable available everywhere within the scope of the current test.</doc>
<status status="PASS" start="2024-03-27T17:46:21.884151" elapsed="0.002998"/>
</kw>
<status status="PASS" start="2024-03-27T17:46:21.697156" elapsed="0.190994"/>
</kw>
<kw name="Conferir se o usuário foi excluído corretamente" owner="serverest_testes_recursos">
<kw name="Log" owner="BuiltIn">
<msg time="2024-03-27T17:46:21.890151" level="INFO">{'message': 'Registro excluído com sucesso'}</msg>
<arg>${RESPOSTA_CONSULTA_APOS_EXCLUSAO}</arg>
<doc>Logs the given message with the given level.</doc>
<status status="PASS" start="2024-03-27T17:46:21.890151" elapsed="0.001007"/>
</kw>
<status status="PASS" start="2024-03-27T17:46:21.889152" elapsed="0.003001"/>
</kw>
<status status="PASS" start="2024-03-27T17:46:21.139802" elapsed="0.753349"/>
</test>
<status status="PASS" start="2024-03-27T17:46:20.861802" elapsed="1.034348"/>
</suite>
<statistics>
<total>
<stat pass="1" fail="0" skip="0">All Tests</stat>
</total>
<tag>
</tag>
<suite>
<stat pass="1" fail="0" skip="0" id="s1" name="Delete Serverest Test">Delete Serverest Test</stat>
</suite>
</statistics>
<errors>
</errors>
</robot>
