<?xml version="1.0" encoding="UTF-8"?>
<robot generator="Robot 7.0 (Python 3.12.2 on win32)" generated="2024-04-19T12:36:09.770052" rpa="false" schemaversion="5">
<suite id="s1" name="Post Serverest Test" source="C:\Users\dell\Desktop\AUTOMACAO\TesteDeApiRobotFramework\tests\post_serverest_test.robot">
<test id="s1-t1" name="Cenário com Post: Cadastrar um novo usuário com sucesso" line="8">
<kw name="Criar um novo usuário" owner="serverest_testes_recursos">
<kw name="Generate Random String" owner="String">
<msg time="2024-04-19T12:36:10.004707" level="INFO">${palavra_randomica} = FiKYvTDK</msg>
<var>${palavra_randomica}</var>
<arg>length=8</arg>
<arg>chars=[LETTERS]</arg>
<doc>Generates a string with a desired ``length`` from the given ``chars``.</doc>
<status status="PASS" start="2024-04-19T12:36:10.004707" elapsed="0.000000"/>
</kw>
<kw name="Convert To Lower Case" owner="String">
<msg time="2024-04-19T12:36:10.005702" level="INFO">${palavra_randomica} = fikyvtdk</msg>
<var>${palavra_randomica}</var>
<arg>${palavra_randomica}</arg>
<doc>Converts string to lower case.</doc>
<status status="PASS" start="2024-04-19T12:36:10.005702" elapsed="0.000000"/>
</kw>
<kw name="Set Test Variable" owner="BuiltIn">
<msg time="2024-04-19T12:36:10.007704" level="INFO">${EMAIL_TEST} = fikyvtdk@qacoders.com.br</msg>
<arg>${EMAIL_TEST}</arg>
<arg>${palavra_randomica}@qacoders.com.br</arg>
<doc>Makes a variable available everywhere within the scope of the current test.</doc>
<status status="PASS" start="2024-04-19T12:36:10.005702" elapsed="0.003001"/>
</kw>
<kw name="Log" owner="BuiltIn">
<msg time="2024-04-19T12:36:10.010730" level="INFO">fikyvtdk@qacoders.com.br</msg>
<arg>${EMAIL_TEST}</arg>
<doc>Logs the given message with the given level.</doc>
<status status="PASS" start="2024-04-19T12:36:10.008703" elapsed="0.002027"/>
</kw>
<status status="PASS" start="2024-04-19T12:36:10.002706" elapsed="0.008024"/>
</kw>
<kw name="Cadastrar um novo usuário criado" owner="serverest_testes_recursos">
<kw name="Create Dictionary" owner="BuiltIn">
<msg time="2024-04-19T12:36:10.013715" level="INFO">${body} = {'nome': 'Fulano da Silva', 'email': 'fikyvtdk@qacoders.com.br', 'password': 'teste', 'administrador': 'true'}</msg>
<var>${body}</var>
<arg>nome=Fulano da Silva</arg>
<arg>email=${EMAIL_TEST}</arg>
<arg>password=teste</arg>
<arg>administrador=true</arg>
<doc>Creates and returns a dictionary based on the given ``items``.</doc>
<status status="PASS" start="2024-04-19T12:36:10.012705" elapsed="0.001010"/>
</kw>
<kw name="Log" owner="BuiltIn">
<msg time="2024-04-19T12:36:10.013715" level="INFO">{'nome': 'Fulano da Silva', 'email': 'fikyvtdk@qacoders.com.br', 'password': 'teste', 'administrador': 'true'}</msg>
<arg>${body}</arg>
<doc>Logs the given message with the given level.</doc>
<status status="PASS" start="2024-04-19T12:36:10.013715" elapsed="0.000987"/>
</kw>
<kw name="Criar sessão" owner="serverest_testes_recursos">
<kw name="Create Dictionary" owner="BuiltIn">
<msg time="2024-04-19T12:36:10.015700" level="INFO">${headers} = {'accept': 'application/json', 'Content-Type': 'application/json'}</msg>
<var>${headers}</var>
<arg>accept=application/json</arg>
<arg>Content-Type=application/json</arg>
<doc>Creates and returns a dictionary based on the given ``items``.</doc>
<status status="PASS" start="2024-04-19T12:36:10.014702" elapsed="0.000998"/>
</kw>
<kw name="Create Session" owner="RequestsLibrary">
<msg time="2024-04-19T12:36:10.015700" level="INFO">Creating Session using : alias=APIServeRest, url=https://serverest.dev, headers={'accept': 'application/json', 'Content-Type': 'application/json'},                     cookies={}, auth=None, timeout=None, proxies=None, verify=False,                     debug=0 </msg>
<arg>alias=APIServeRest</arg>
<arg>url=https://serverest.dev</arg>
<arg>headers=${headers}</arg>
<doc>Create Session: create a HTTP session to a server</doc>
<status status="PASS" start="2024-04-19T12:36:10.015700" elapsed="0.002006"/>
</kw>
<status status="PASS" start="2024-04-19T12:36:10.014702" elapsed="0.003004"/>
</kw>
<kw name="POST On Session" owner="RequestsLibrary">
<msg time="2024-04-19T12:36:10.463741" level="INFO">POST Request : url=https://serverest.dev/usuarios 
 path_url=/usuarios 
 headers={'User-Agent': 'python-requests/2.31.0', 'Accept-Encoding': 'gzip, deflate', 'accept': 'application/json', 'Connection': 'keep-alive', 'Content-Type': 'application/json', 'Content-Length': '110'} 
 body=b'{"nome": "Fulano da Silva", "email": "fikyvtdk@qacoders.com.br", "password": "teste", "administrador": "true"}' 
 </msg>
<msg time="2024-04-19T12:36:10.463741" level="INFO">POST Response : url=https://serverest.dev/usuarios 
 status=201, reason=Created 
 headers={'access-control-allow-origin': '*', 'x-dns-prefetch-control': 'off', 'x-frame-options': 'SAMEORIGIN', 'strict-transport-security': 'max-age=15552000; includeSubDomains', 'x-download-options': 'noopen', 'x-content-type-options': 'nosniff', 'x-xss-protection': '1; mode=block', 'content-type': 'application/json; charset=utf-8', 'X-Cloud-Trace-Context': '92e37a27e2b163032fa339ca7ba92928;o=1', 'Date': 'Fri, 19 Apr 2024 15:36:11 GMT', 'Server': 'Google Frontend', 'Content-Length': '82'} 
 body={
    "message": "Cadastro realizado com sucesso",
    "_id": "ud6ZJded3zmPfR6W"
} 
 </msg>
<msg time="2024-04-19T12:36:10.463741" level="INFO">C:\Users\dell\AppData\Local\Programs\Python\Python312\Lib\site-packages\urllib3\connectionpool.py:1103: InsecureRequestWarning: Unverified HTTPS request is being made to host 'serverest.dev'. Adding certificate verification is strongly advised. See: https://urllib3.readthedocs.io/en/latest/advanced-usage.html#tls-warnings
  warnings.warn(</msg>
<msg time="2024-04-19T12:36:10.465703" level="INFO">${resposta} = &lt;Response [201]&gt;</msg>
<var>${resposta}</var>
<arg>alias=APIServeRest</arg>
<arg>url=/usuarios</arg>
<arg>json=${body}</arg>
<doc>Sends a POST request on a previously created HTTP Session.</doc>
<status status="PASS" start="2024-04-19T12:36:10.018708" elapsed="0.446995"/>
</kw>
<kw name="Log" owner="BuiltIn">
<msg time="2024-04-19T12:36:10.466707" level="INFO">{'message': 'Cadastro realizado com sucesso', '_id': 'ud6ZJded3zmPfR6W'}</msg>
<arg>${resposta.json()}</arg>
<doc>Logs the given message with the given level.</doc>
<status status="PASS" start="2024-04-19T12:36:10.465703" elapsed="0.001004"/>
</kw>
<kw name="Set Test Variable" owner="BuiltIn">
<msg time="2024-04-19T12:36:10.467704" level="INFO">${ID_USUARIO} = ud6ZJded3zmPfR6W</msg>
<arg>${ID_USUARIO}</arg>
<arg>${resposta.json()["_id"]}</arg>
<doc>Makes a variable available everywhere within the scope of the current test.</doc>
<status status="PASS" start="2024-04-19T12:36:10.466707" elapsed="0.000997"/>
</kw>
<kw name="Set Test Variable" owner="BuiltIn">
<msg time="2024-04-19T12:36:10.468701" level="INFO">${RESPOSTA} = {'message': 'Cadastro realizado com sucesso', '_id': 'ud6ZJded3zmPfR6W'}</msg>
<arg>${RESPOSTA}</arg>
<arg>${resposta.json()}</arg>
<doc>Makes a variable available everywhere within the scope of the current test.</doc>
<status status="PASS" start="2024-04-19T12:36:10.468701" elapsed="0.000000"/>
</kw>
<status status="PASS" start="2024-04-19T12:36:10.011706" elapsed="0.456995"/>
</kw>
<kw name="Conferir se esse novo usuário foi cadastrado corretamente" owner="serverest_testes_recursos">
<kw name="Log" owner="BuiltIn">
<msg time="2024-04-19T12:36:10.469701" level="INFO">{'message': 'Cadastro realizado com sucesso', '_id': 'ud6ZJded3zmPfR6W'}</msg>
<arg>${RESPOSTA}</arg>
<doc>Logs the given message with the given level.</doc>
<status status="PASS" start="2024-04-19T12:36:10.469701" elapsed="0.000000"/>
</kw>
<kw name="Dictionary Should Contain Item" owner="Collections">
<msg time="2024-04-19T12:36:10.469701" level="INFO">False
False</msg>
<arg>${RESPOSTA}</arg>
<arg>message</arg>
<arg>Cadastro realizado com sucesso</arg>
<doc>An item of ``key`` / ``value`` must be found in a ``dictionary``.</doc>
<status status="PASS" start="2024-04-19T12:36:10.469701" elapsed="0.000000"/>
</kw>
<kw name="Dictionary Should Contain Key" owner="Collections">
<msg time="2024-04-19T12:36:10.470699" level="INFO">False</msg>
<arg>${RESPOSTA}</arg>
<arg>_id</arg>
<doc>Fails if ``key`` is not found from ``dictionary``.</doc>
<status status="PASS" start="2024-04-19T12:36:10.470699" elapsed="0.000000"/>
</kw>
<status status="PASS" start="2024-04-19T12:36:10.469701" elapsed="0.000998"/>
</kw>
<status status="PASS" start="2024-04-19T12:36:10.001704" elapsed="0.468995"/>
</test>
<status status="PASS" start="2024-04-19T12:36:09.773036" elapsed="0.699668"/>
</suite>
<statistics>
<total>
<stat pass="1" fail="0" skip="0">All Tests</stat>
</total>
<tag>
</tag>
<suite>
<stat pass="1" fail="0" skip="0" id="s1" name="Post Serverest Test">Post Serverest Test</stat>
</suite>
</statistics>
<errors>
</errors>
</robot>
